

*******************************************************************************
Mon Mar 18 21:10:14 2019


FIT:    data read from 'temp.dat' u 1:(log($3)):(0.1*($3)*2**0.5)
        format = x:z:s
        #datapoints = 24
function used for fitting: f(x)
	f(x) = a+b*x
fitted parameters initialized with current variable values

iter      chisq       delta/lim  lambda   a             b            
   0 1.0614740738e+03   0.00e+00  5.03e+00    1.000000e+00   1.000000e+00
   5 6.0487610881e-04  -7.12e-04  5.03e-05    4.077018e+00  -2.160050e-02

After 5 iterations the fit converged.
final sum of squares of residuals : 0.000604876
rel. change during last iteration : -7.12274e-09

degrees of freedom    (FIT_NDF)                        : 22
rms of residuals      (FIT_STDFIT) = sqrt(WSSR/ndf)    : 0.00524351
variance of residuals (reduced chisquare) = WSSR/ndf   : 2.74944e-05
p-value of the Chisq distribution (FIT_P)              : 1

Final set of parameters            Asymptotic Standard Error
=======================            ==========================
a               = 4.07702          +/- 0.0135       (0.3312%)
b               = -0.0216005       +/- 0.000408     (1.889%)

correlation matrix of the fit parameters:
                a      b      
a               1.000 
b              -0.929  1.000 


*******************************************************************************
Mon Mar 18 21:11:02 2019


FIT:    data read from 'temp.dat' u 1:(log($3)):(0.1*($3)*2**0.5)
        format = x:z:s
        #datapoints = 24
function used for fitting: f(x)
	f(x) = a+b*x
fitted parameters initialized with current variable values

iter      chisq       delta/lim  lambda   a             b            
   0 1.0614740738e+03   0.00e+00  5.03e+00    1.000000e+00   1.000000e+00
   5 6.0487610881e-04  -7.12e-04  5.03e-05    4.077018e+00  -2.160050e-02

After 5 iterations the fit converged.
final sum of squares of residuals : 0.000604876
rel. change during last iteration : -7.12274e-09

degrees of freedom    (FIT_NDF)                        : 22
rms of residuals      (FIT_STDFIT) = sqrt(WSSR/ndf)    : 0.00524351
variance of residuals (reduced chisquare) = WSSR/ndf   : 2.74944e-05
p-value of the Chisq distribution (FIT_P)              : 1

Final set of parameters            Asymptotic Standard Error
=======================            ==========================
a               = 4.07702          +/- 0.0135       (0.3312%)
b               = -0.0216005       +/- 0.000408     (1.889%)

correlation matrix of the fit parameters:
                a      b      
a               1.000 
b              -0.929  1.000 


*******************************************************************************
Mon Mar 18 21:13:39 2019


FIT:    data read from 'temp.dat' u 1:(log($3)):(0.1*sqrt(2)/$3)
        format = x:z:s
        #datapoints = 24
function used for fitting: f(x)
	f(x) = a+b*x
fitted parameters initialized with current variable values

iter      chisq       delta/lim  lambda   a             b            
   0 4.6885657154e+03   0.00e+00  8.19e+02    4.077018e+00  -2.160050e-02
   4 1.8235662081e+03  -3.22e-05  8.19e-02    4.135813e+00  -2.405842e-02

After 4 iterations the fit converged.
final sum of squares of residuals : 1823.57
rel. change during last iteration : -3.21839e-10

degrees of freedom    (FIT_NDF)                        : 22
rms of residuals      (FIT_STDFIT) = sqrt(WSSR/ndf)    : 9.10436
variance of residuals (reduced chisquare) = WSSR/ndf   : 82.8894
p-value of the Chisq distribution (FIT_P)              : 0

Final set of parameters            Asymptotic Standard Error
=======================            ==========================
a               = 4.13581          +/- 0.01003      (0.2425%)
b               = -0.0240584       +/- 0.000522     (2.17%)

correlation matrix of the fit parameters:
                a      b      
a               1.000 
b              -0.755  1.000 


*******************************************************************************
Mon Mar 18 21:28:35 2019


FIT:    data read from 'temp.dat' u 1:(log($3)):(0.1*sqrt(2)/$3)
        format = x:z:s
        #datapoints = 24
function used for fitting: f(x)
	f(x) = a+b*x
fitted parameters initialized with current variable values

iter      chisq       delta/lim  lambda   a             b            
   0 1.8235662081e+03   0.00e+00  8.32e+02    4.135813e+00  -2.405842e-02
   1 1.8235662081e+03   0.00e+00  8.32e+04    4.135813e+00  -2.405842e-02

After 1 iterations the fit converged.
final sum of squares of residuals : 1823.57
rel. change during last iteration : 0

degrees of freedom    (FIT_NDF)                        : 22
rms of residuals      (FIT_STDFIT) = sqrt(WSSR/ndf)    : 9.10436
variance of residuals (reduced chisquare) = WSSR/ndf   : 82.8894
p-value of the Chisq distribution (FIT_P)              : 0

Final set of parameters            Asymptotic Standard Error
=======================            ==========================
a               = 4.13581          +/- 0.01003      (0.2425%)
b               = -0.0240584       +/- 0.000522     (2.17%)

correlation matrix of the fit parameters:
                a      b      
a               1.000 
b              -0.755  1.000 


*******************************************************************************
Sat Mar 23 16:40:47 2019


FIT:    data read from 'temp.dat' u 1:(log($3)):(0.1*sqrt(2)/$3)
        format = x:z:s
        #datapoints = 24
function used for fitting: f(x)
	f(x) = a+b*x
fitted parameters initialized with current variable values

iter      chisq       delta/lim  lambda   a             b            
   0 5.8189023704e+08   0.00e+00  3.84e+03    1.000000e+00   1.000000e+00
   5 1.8235662081e+03  -1.01e-08  3.84e-02    4.135813e+00  -2.405842e-02

After 5 iterations the fit converged.
final sum of squares of residuals : 1823.57
rel. change during last iteration : -1.0137e-13

degrees of freedom    (FIT_NDF)                        : 22
rms of residuals      (FIT_STDFIT) = sqrt(WSSR/ndf)    : 9.10436
variance of residuals (reduced chisquare) = WSSR/ndf   : 82.8894
p-value of the Chisq distribution (FIT_P)              : 0

Final set of parameters            Asymptotic Standard Error
=======================            ==========================
a               = 4.13581          +/- 0.01003      (0.2425%)
b               = -0.0240584       +/- 0.000522     (2.17%)

correlation matrix of the fit parameters:
                a      b      
a               1.000 
b              -0.755  1.000 
